
**** Build of configuration Debug for project wys3310 ****

make all 
Building file: ../PCD8544.c
Invoking: AVR Compiler
avr-gcc -Wall -g2 -gstabs -O0 -fpack-struct -fshort-enums -std=gnu99 -funsigned-char -funsigned-bitfields -mmcu=atmega16 -DF_CPU=1000000UL -MMD -MP -MF"PCD8544.d" -MT"PCD8544.d" -c -o "PCD8544.o" "../PCD8544.c"
Finished building: ../PCD8544.c
 
Building file: ../main.c
Invoking: AVR Compiler
avr-gcc -Wall -g2 -gstabs -O0 -fpack-struct -fshort-enums -std=gnu99 -funsigned-char -funsigned-bitfields -mmcu=atmega16 -DF_CPU=1000000UL -MMD -MP -MF"main.d" -MT"main.d" -c -o "main.o" "../main.c"
In file included from ../main.c:12:0:
/usr/lib/gcc/avr/4.5.3/../../../avr/include/util/delay.h:95:3: warning: #warning "Compiler optimizations disabled; functions from <util/delay.h> won't work as designed"
Finished building: ../main.c
 
Building target: wys3310.elf
Invoking: AVR C Linker
avr-gcc -Wl,-Map,wys3310.map -mmcu=atmega16 -o "wys3310.elf"  ./PCD8544.o ./main.o   
Finished building target: wys3310.elf
 
Invoking: AVR Create Extended Listing
avr-objdump -h -S wys3310.elf  >"wys3310.lss"
Finished building: wys3310.lss
 
Invoking: Print Size
avr-size --format=avr --mcu=atmega16 wys3310.elf
AVR Memory Usage
----------------
Device: atmega16

Program:    8690 bytes (53.0% Full)
(.text + .data + .bootloader)

Data:        519 bytes (50.7% Full)
(.data + .bss + .noinit)


Finished building: sizedummy
 

**** Build Finished ****
