
**** Build of configuration Debug for project wasd2222222222222 ****

make all 
Building file: ../main.c
Invoking: AVR Compiler
avr-gcc -Wall -g2 -gstabs -O0 -fpack-struct -fshort-enums -std=gnu99 -funsigned-char -funsigned-bitfields -mmcu=atmega32 -DF_CPU=8000000UL -MMD -MP -MF"main.d" -MT"main.d" -c -o "main.o" "../main.c"
In file included from ../main.c:8:0:
/usr/lib/gcc/avr/4.5.3/../../../avr/include/util/delay.h:95:3: warning: #warning "Compiler optimizations disabled; functions from <util/delay.h> won't work as designed"
Finished building: ../main.c
 
Building target: wasd2222222222222.elf
Invoking: AVR C Linker
avr-gcc -Wl,-Map,wasd2222222222222.map -mmcu=atmega32 -o "wasd2222222222222.elf"  ./main.o   
Finished building target: wasd2222222222222.elf
 
Invoking: AVR Create Extended Listing
avr-objdump -h -S wasd2222222222222.elf  >"wasd2222222222222.lss"
Finished building: wasd2222222222222.lss
 
Invoking: Print Size
avr-size --format=avr --mcu=atmega32 wasd2222222222222.elf
AVR Memory Usage
----------------
Device: atmega32

Program:    3514 bytes (10.7% Full)
(.text + .data + .bootloader)

Data:          8 bytes (0.4% Full)
(.data + .bss + .noinit)


Finished building: sizedummy
 

**** Build Finished ****
